[24-Sep-2025 12:34:21] NOTICE: fpm is running, pid 364
[24-Sep-2025 12:34:21] NOTICE: ready to handle connections
[24-Sep-2025 13:16:27] NOTICE: Terminating ...
[24-Sep-2025 13:16:27] NOTICE: exiting, bye-bye!
[24-Sep-2025 13:16:58] NOTICE: fpm is running, pid 317
[24-Sep-2025 13:16:58] NOTICE: ready to handle connections
[24-Sep-2025 13:22:02] NOTICE: Terminating ...
[24-Sep-2025 13:22:02] NOTICE: exiting, bye-bye!
[24-Sep-2025 13:22:14] NOTICE: fpm is running, pid 315
[24-Sep-2025 13:22:14] NOTICE: ready to handle connections
[24-Sep-2025 13:57:56] NOTICE: Terminating ...
[24-Sep-2025 13:57:56] NOTICE: exiting, bye-bye!
[25-Sep-2025 09:13:33] NOTICE: fpm is running, pid 317
[25-Sep-2025 09:13:33] NOTICE: ready to handle connections
[25-Sep-2025 09:59:27] NOTICE: Terminating ...
[25-Sep-2025 09:59:27] NOTICE: exiting, bye-bye!
[25-Sep-2025 10:00:19] NOTICE: fpm is running, pid 315
[25-Sep-2025 10:00:19] NOTICE: ready to handle connections
[25-Sep-2025 10:11:41] NOTICE: Terminating ...
[25-Sep-2025 10:11:41] NOTICE: exiting, bye-bye!
[25-Sep-2025 12:57:59] NOTICE: fpm is running, pid 316
[25-Sep-2025 12:57:59] NOTICE: ready to handle connections
[25-Sep-2025 13:17:36] NOTICE: Terminating ...
[25-Sep-2025 13:17:36] NOTICE: exiting, bye-bye!
[26-Sep-2025 01:58:12] NOTICE: fpm is running, pid 315
[26-Sep-2025 01:58:12] NOTICE: ready to handle connections
[26-Sep-2025 02:07:47] NOTICE: Terminating ...
[26-Sep-2025 02:07:47] NOTICE: exiting, bye-bye!
[30-Sep-2025 17:39:55] NOTICE: fpm is running, pid 317
[30-Sep-2025 17:39:55] NOTICE: ready to handle connections
[30-Sep-2025 18:18:18] NOTICE: Terminating ...
[30-Sep-2025 18:18:18] NOTICE: exiting, bye-bye!
[16-Oct-2025 14:58:46] NOTICE: fpm is running, pid 317
[16-Oct-2025 14:58:46] NOTICE: ready to handle connections
[16-Oct-2025 10:27:26] NOTICE: Terminating ...
[16-Oct-2025 10:27:26] NOTICE: exiting, bye-bye!
[17-Oct-2025 15:53:52] NOTICE: fpm is running, pid 318
[17-Oct-2025 15:53:52] NOTICE: ready to handle connections
[17-Oct-2025 10:48:38] NOTICE: Terminating ...
[17-Oct-2025 10:48:38] NOTICE: exiting, bye-bye!
[17-Oct-2025 10:49:40] NOTICE: fpm is running, pid 315
[17-Oct-2025 10:49:40] NOTICE: ready to handle connections
[17-Oct-2025 11:55:06] NOTICE: Terminating ...
[17-Oct-2025 11:55:06] NOTICE: exiting, bye-bye!
[17-Oct-2025 12:48:48] NOTICE: fpm is running, pid 316
[17-Oct-2025 12:48:48] NOTICE: ready to handle connections
[17-Oct-2025 12:54:53] NOTICE: Terminating ...
[17-Oct-2025 12:54:53] NOTICE: exiting, bye-bye!
[23-Oct-2025 09:24:10] NOTICE: fpm is running, pid 316
[23-Oct-2025 09:24:10] NOTICE: ready to handle connections
[23-Oct-2025 10:11:42] NOTICE: Terminating ...
[23-Oct-2025 10:11:42] NOTICE: exiting, bye-bye!
[26-Oct-2025 12:45:03] NOTICE: fpm is running, pid 318
[26-Oct-2025 12:45:03] NOTICE: ready to handle connections
[26-Oct-2025 17:26:23] NOTICE: Terminating ...
[26-Oct-2025 17:26:23] NOTICE: exiting, bye-bye!
[30-Oct-2025 13:14:52] NOTICE: fpm is running, pid 316
[30-Oct-2025 13:14:52] NOTICE: ready to handle connections
[30-Oct-2025 18:45:29] NOTICE: Terminating ...
[30-Oct-2025 18:45:29] NOTICE: exiting, bye-bye!
[31-Oct-2025 04:23:44] NOTICE: fpm is running, pid 317
[31-Oct-2025 04:23:44] NOTICE: ready to handle connections
[31-Oct-2025 04:54:21] NOTICE: Terminating ...
[31-Oct-2025 04:54:21] NOTICE: exiting, bye-bye!
[31-Oct-2025 08:03:35] NOTICE: fpm is running, pid 317
[31-Oct-2025 08:03:35] NOTICE: ready to handle connections
[31-Oct-2025 09:03:08] NOTICE: Terminating ...
[31-Oct-2025 09:03:08] NOTICE: exiting, bye-bye!
[31-Oct-2025 10:32:44] NOTICE: fpm is running, pid 316
[31-Oct-2025 10:32:44] NOTICE: ready to handle connections
[31-Oct-2025 10:47:27] NOTICE: Terminating ...
[31-Oct-2025 10:47:27] NOTICE: exiting, bye-bye!
[31-Oct-2025 10:52:44] NOTICE: fpm is running, pid 317
[31-Oct-2025 10:52:44] NOTICE: ready to handle connections
[31-Oct-2025 12:01:10] NOTICE: Terminating ...
[31-Oct-2025 12:01:10] NOTICE: exiting, bye-bye!
[01-Nov-2025 12:34:51] NOTICE: fpm is running, pid 318
[01-Nov-2025 12:34:51] NOTICE: ready to handle connections
[01-Nov-2025 12:39:33] NOTICE: Terminating ...
[01-Nov-2025 12:39:33] NOTICE: exiting, bye-bye!
[01-Nov-2025 14:08:59] NOTICE: fpm is running, pid 316
[01-Nov-2025 14:08:59] NOTICE: ready to handle connections
